-------------------------------------------------------------------------------
Test set: canary.MembershipValidationMX
-------------------------------------------------------------------------------
Tests run: 1, Failures: 1, Errors: 0, Skipped: 0, Time elapsed: 133.747 s <<< FAILURE! - in canary.MembershipValidationMX
httpAction(canary.MembershipValidationMX)  Time elapsed: 127.725 s  <<< FAILURE!
com.consol.citrus.exceptions.TestCaseFailedException: Test case failed
Caused by: org.springframework.web.client.ResourceAccessException: I/O error on POST request for "https://200.57.92.110/eCommerceServices/service/memberShipValidation": Connect to 200.57.92.110:443 [/200.57.92.110] failed: Connection timed out (Connection timed out); nested exception is org.apache.http.conn.HttpHostConnectException: Connect to 200.57.92.110:443 [/200.57.92.110] failed: Connection timed out (Connection timed out)
Caused by: org.apache.http.conn.HttpHostConnectException: Connect to 200.57.92.110:443 [/200.57.92.110] failed: Connection timed out (Connection timed out)
Caused by: java.net.ConnectException: Connection timed out (Connection timed out)

