<?xml version="1.0" encoding="UTF-8"?>
<testng-results skipped="0" failed="0" ignored="0" total="1" passed="1">
  <reporter-output>
  </reporter-output>
  <suite name="Surefire suite" duration-ms="2195" started-at="2017-11-30T02:55:58Z" finished-at="2017-11-30T02:56:00Z">
    <groups>
    </groups>
    <test name="Surefire test" duration-ms="2195" started-at="2017-11-30T02:55:58Z" finished-at="2017-11-30T02:56:00Z">
      <class name="canary.MembershipValidationMX">
        <test-method status="PASS" signature="beforeSuite(org.testng.ITestContext)[pri:0, instance:canary.MembershipValidationMX@3eb7fc54]" name="beforeSuite" is-config="true" duration-ms="1078" started-at="2017-11-29T18:55:57Z" finished-at="2017-11-29T18:55:58Z">
          <params>
            <param index="0">
              <value>
                <![CDATA[org.testng.TestRunner@5c20ffa8]]>
              </value>
            </param>
          </params>
          <reporter-output>
          </reporter-output>
        </test-method> <!-- beforeSuite -->
        <test-method status="PASS" signature="springTestContextBeforeTestClass()[pri:0, instance:canary.MembershipValidationMX@3eb7fc54]" name="springTestContextBeforeTestClass" is-config="true" duration-ms="1" started-at="2017-11-29T18:55:58Z" finished-at="2017-11-29T18:55:58Z">
          <reporter-output>
          </reporter-output>
        </test-method> <!-- springTestContextBeforeTestClass -->
        <test-method status="PASS" signature="springTestContextPrepareTestInstance()[pri:0, instance:canary.MembershipValidationMX@3eb7fc54]" name="springTestContextPrepareTestInstance" is-config="true" duration-ms="0" started-at="2017-11-29T18:55:58Z" depends-on-methods="org.springframework.test.context.testng.AbstractTestNGSpringContextTests.springTestContextBeforeTestClass" finished-at="2017-11-29T18:55:58Z">
          <reporter-output>
          </reporter-output>
        </test-method> <!-- springTestContextPrepareTestInstance -->
        <test-method status="PASS" signature="springTestContextBeforeTestMethod(java.lang.reflect.Method)[pri:0, instance:canary.MembershipValidationMX@3eb7fc54]" name="springTestContextBeforeTestMethod" is-config="true" duration-ms="1" started-at="2017-11-29T18:55:58Z" finished-at="2017-11-29T18:55:58Z">
          <params>
            <param index="0">
              <value>
                <![CDATA[public void canary.MembershipValidationMX.httpAction()]]>
              </value>
            </param>
          </params>
          <reporter-output>
          </reporter-output>
        </test-method> <!-- springTestContextBeforeTestMethod -->
        <test-method status="PASS" signature="httpAction()[pri:0, instance:canary.MembershipValidationMX@3eb7fc54]" name="httpAction" duration-ms="2183" started-at="2017-11-29T18:55:58Z" finished-at="2017-11-29T18:56:00Z">
          <reporter-output>
          </reporter-output>
        </test-method> <!-- httpAction -->
        <test-method status="PASS" signature="springTestContextAfterTestMethod(java.lang.reflect.Method)[pri:0, instance:canary.MembershipValidationMX@3eb7fc54]" name="springTestContextAfterTestMethod" is-config="true" duration-ms="0" started-at="2017-11-29T18:56:00Z" finished-at="2017-11-29T18:56:00Z">
          <params>
            <param index="0">
              <value>
                <![CDATA[public void canary.MembershipValidationMX.httpAction()]]>
              </value>
            </param>
          </params>
          <reporter-output>
          </reporter-output>
        </test-method> <!-- springTestContextAfterTestMethod -->
        <test-method status="PASS" signature="springTestContextAfterTestClass()[pri:0, instance:canary.MembershipValidationMX@3eb7fc54]" name="springTestContextAfterTestClass" is-config="true" duration-ms="0" started-at="2017-11-29T18:56:00Z" finished-at="2017-11-29T18:56:00Z">
          <reporter-output>
          </reporter-output>
        </test-method> <!-- springTestContextAfterTestClass -->
        <test-method status="PASS" signature="afterSuite(org.testng.ITestContext)[pri:0, instance:canary.MembershipValidationMX@3eb7fc54]" name="afterSuite" is-config="true" duration-ms="15" started-at="2017-11-29T18:56:05Z" finished-at="2017-11-29T18:56:05Z">
          <params>
            <param index="0">
              <value>
                <![CDATA[org.testng.TestRunner@5c20ffa8]]>
              </value>
            </param>
          </params>
          <reporter-output>
          </reporter-output>
        </test-method> <!-- afterSuite -->
      </class> <!-- canary.MembershipValidationMX -->
    </test> <!-- Surefire test -->
  </suite> <!-- Surefire suite -->
</testng-results>
